<?xml version="1.0" encoding="UTF-8"?>
<!-- Generated by org.testng.reporters.JUnitXMLReporter -->
<testsuite ignored="0" hostname="LAPTOP-KPEDOO5G" failures="1" tests="1" name="Test" time="0.041" errors="0" timestamp="2024-05-31T15:03:10 IST">
  <testcase classname="MONEYCONTROL.com.moneycontrol.SeleniumC" name="browsersetUp" time="0.0">
    <failure type="org.testng.TestNGException" message="
Parameter &amp;apos;browser&amp;apos; is required by @Test on method browsersetUp but has not been marked @Optional or defined
in C:\MoneyControl\com.moneycontrol\testng.xml">
      <![CDATA[org.testng.TestNGException: 
Parameter 'browser' is required by @Test on method browsersetUp but has not been marked @Optional or defined
in C:\MoneyControl\com.moneycontrol\testng.xml
at java.base/java.util.ArrayList.forEach(ArrayList.java:1511)
... Removed 26 stack frames]]>
    </failure>
  </testcase> <!-- browsersetUp -->
</testsuite> <!-- Test -->
